2022-10-13 00:22:52.072  INFO 32760 --- [restartedMain] c.e.a.AuthenticationServiceApplication   : Starting AuthenticationServiceApplication using Java 1.8.0_60 on LAPTOP-VDKLVIKF with PID 32760 (C:\Users\speak\Microservices\AuthenticationService\target\classes started by speak in C:\Users\speak\Microservices\AuthenticationService)
2022-10-13 00:22:52.075 DEBUG 32760 --- [restartedMain] c.e.a.AuthenticationServiceApplication   : Running with Spring Boot v2.7.1, Spring v5.3.21
2022-10-13 00:22:52.076  INFO 32760 --- [restartedMain] c.e.a.AuthenticationServiceApplication   : No active profile set, falling back to 1 default profile: "default"
2022-10-13 00:22:52.116  INFO 32760 --- [restartedMain] .e.DevToolsPropertyDefaultsPostProcessor : Devtools property defaults active! Set 'spring.devtools.add-properties' to 'false' to disable
2022-10-13 00:22:52.117  INFO 32760 --- [restartedMain] .e.DevToolsPropertyDefaultsPostProcessor : For additional web related logging consider setting the 'logging.level.web' property to 'DEBUG'
2022-10-13 00:22:53.097  INFO 32760 --- [restartedMain] .s.d.r.c.RepositoryConfigurationDelegate : Bootstrapping Spring Data JPA repositories in DEFAULT mode.
2022-10-13 00:22:53.154  INFO 32760 --- [restartedMain] .s.d.r.c.RepositoryConfigurationDelegate : Finished Spring Data repository scanning in 49 ms. Found 1 JPA repository interfaces.
2022-10-13 00:22:53.398  INFO 32760 --- [restartedMain] o.s.cloud.context.scope.GenericScope     : BeanFactory id=c38a5db9-0a1b-3b30-9dda-bf2c629b69b6
2022-10-13 00:22:54.128  INFO 32760 --- [restartedMain] o.s.b.w.embedded.tomcat.TomcatWebServer  : Tomcat initialized with port(s): 8082 (http)
2022-10-13 00:22:54.138  INFO 32760 --- [restartedMain] o.apache.catalina.core.StandardService   : Starting service [Tomcat]
2022-10-13 00:22:54.139  INFO 32760 --- [restartedMain] org.apache.catalina.core.StandardEngine  : Starting Servlet engine: [Apache Tomcat/9.0.64]
2022-10-13 00:22:54.267  INFO 32760 --- [restartedMain] o.a.c.c.C.[Tomcat].[localhost].[/]       : Initializing Spring embedded WebApplicationContext
2022-10-13 00:22:54.267  INFO 32760 --- [restartedMain] w.s.c.ServletWebServerApplicationContext : Root WebApplicationContext: initialization completed in 2150 ms
2022-10-13 00:22:54.554  INFO 32760 --- [restartedMain] o.hibernate.jpa.internal.util.LogHelper  : HHH000204: Processing PersistenceUnitInfo [name: default]
2022-10-13 00:22:54.603  INFO 32760 --- [restartedMain] org.hibernate.Version                    : HHH000412: Hibernate ORM core version 5.6.9.Final
2022-10-13 00:22:54.750  INFO 32760 --- [restartedMain] o.hibernate.annotations.common.Version   : HCANN000001: Hibernate Commons Annotations {5.1.2.Final}
2022-10-13 00:22:54.848  INFO 32760 --- [restartedMain] com.zaxxer.hikari.HikariDataSource       : HikariPool-1 - Starting...
2022-10-13 00:22:55.085  INFO 32760 --- [restartedMain] com.zaxxer.hikari.HikariDataSource       : HikariPool-1 - Start completed.
2022-10-13 00:22:55.100  INFO 32760 --- [restartedMain] org.hibernate.dialect.Dialect            : HHH000400: Using dialect: org.hibernate.dialect.SQLServer2012Dialect
2022-10-13 00:22:55.663  INFO 32760 --- [restartedMain] o.h.e.t.j.p.i.JtaPlatformInitiator       : HHH000490: Using JtaPlatform implementation: [org.hibernate.engine.transaction.jta.platform.internal.NoJtaPlatform]
2022-10-13 00:22:55.670  INFO 32760 --- [restartedMain] j.LocalContainerEntityManagerFactoryBean : Initialized JPA EntityManagerFactory for persistence unit 'default'
2022-10-13 00:22:55.948 DEBUG 32760 --- [restartedMain] c.e.a.config.JwtRequestFilter            : Filter 'jwtRequestFilter' configured for use
2022-10-13 00:22:55.990  WARN 32760 --- [restartedMain] JpaBaseConfiguration$JpaWebConfiguration : spring.jpa.open-in-view is enabled by default. Therefore, database queries may be performed during view rendering. Explicitly configure spring.jpa.open-in-view to disable this warning
2022-10-13 00:22:56.503  INFO 32760 --- [restartedMain] o.s.b.d.a.OptionalLiveReloadServer       : LiveReload server is running on port 35729
2022-10-13 00:22:56.625  WARN 32760 --- [restartedMain] o.s.s.c.a.web.builders.WebSecurity       : You are asking Spring Security to ignore Ant [pattern='/v2/api-docs']. This is not recommended -- please use permitAll via HttpSecurity#authorizeHttpRequests instead.
2022-10-13 00:22:56.625  INFO 32760 --- [restartedMain] o.s.s.web.DefaultSecurityFilterChain     : Will not secure Ant [pattern='/v2/api-docs']
2022-10-13 00:22:56.625  WARN 32760 --- [restartedMain] o.s.s.c.a.web.builders.WebSecurity       : You are asking Spring Security to ignore Ant [pattern='/swagger-resources']. This is not recommended -- please use permitAll via HttpSecurity#authorizeHttpRequests instead.
2022-10-13 00:22:56.625  INFO 32760 --- [restartedMain] o.s.s.web.DefaultSecurityFilterChain     : Will not secure Ant [pattern='/swagger-resources']
2022-10-13 00:22:56.625  WARN 32760 --- [restartedMain] o.s.s.c.a.web.builders.WebSecurity       : You are asking Spring Security to ignore Ant [pattern='/swagger-resources/**']. This is not recommended -- please use permitAll via HttpSecurity#authorizeHttpRequests instead.
2022-10-13 00:22:56.625  INFO 32760 --- [restartedMain] o.s.s.web.DefaultSecurityFilterChain     : Will not secure Ant [pattern='/swagger-resources/**']
2022-10-13 00:22:56.625  WARN 32760 --- [restartedMain] o.s.s.c.a.web.builders.WebSecurity       : You are asking Spring Security to ignore Ant [pattern='/configuration/ui']. This is not recommended -- please use permitAll via HttpSecurity#authorizeHttpRequests instead.
2022-10-13 00:22:56.626  INFO 32760 --- [restartedMain] o.s.s.web.DefaultSecurityFilterChain     : Will not secure Ant [pattern='/configuration/ui']
2022-10-13 00:22:56.626  WARN 32760 --- [restartedMain] o.s.s.c.a.web.builders.WebSecurity       : You are asking Spring Security to ignore Ant [pattern='/configuration/security']. This is not recommended -- please use permitAll via HttpSecurity#authorizeHttpRequests instead.
2022-10-13 00:22:56.626  INFO 32760 --- [restartedMain] o.s.s.web.DefaultSecurityFilterChain     : Will not secure Ant [pattern='/configuration/security']
2022-10-13 00:22:56.626  WARN 32760 --- [restartedMain] o.s.s.c.a.web.builders.WebSecurity       : You are asking Spring Security to ignore Ant [pattern='/swagger-ui.html']. This is not recommended -- please use permitAll via HttpSecurity#authorizeHttpRequests instead.
2022-10-13 00:22:56.626  INFO 32760 --- [restartedMain] o.s.s.web.DefaultSecurityFilterChain     : Will not secure Ant [pattern='/swagger-ui.html']
2022-10-13 00:22:56.626  WARN 32760 --- [restartedMain] o.s.s.c.a.web.builders.WebSecurity       : You are asking Spring Security to ignore Ant [pattern='/webjars/**']. This is not recommended -- please use permitAll via HttpSecurity#authorizeHttpRequests instead.
2022-10-13 00:22:56.626  INFO 32760 --- [restartedMain] o.s.s.web.DefaultSecurityFilterChain     : Will not secure Ant [pattern='/webjars/**']
2022-10-13 00:22:56.626  WARN 32760 --- [restartedMain] o.s.s.c.a.web.builders.WebSecurity       : You are asking Spring Security to ignore Ant [pattern='/v3/api-docs/**']. This is not recommended -- please use permitAll via HttpSecurity#authorizeHttpRequests instead.
2022-10-13 00:22:56.626  INFO 32760 --- [restartedMain] o.s.s.web.DefaultSecurityFilterChain     : Will not secure Ant [pattern='/v3/api-docs/**']
2022-10-13 00:22:56.626  WARN 32760 --- [restartedMain] o.s.s.c.a.web.builders.WebSecurity       : You are asking Spring Security to ignore Ant [pattern='/swagger-ui/**']. This is not recommended -- please use permitAll via HttpSecurity#authorizeHttpRequests instead.
2022-10-13 00:22:56.626  INFO 32760 --- [restartedMain] o.s.s.web.DefaultSecurityFilterChain     : Will not secure Ant [pattern='/swagger-ui/**']
2022-10-13 00:22:56.870  INFO 32760 --- [restartedMain] o.s.s.web.DefaultSecurityFilterChain     : Will secure any request with [org.springframework.security.web.session.DisableEncodeUrlFilter@67340304, org.springframework.security.web.context.request.async.WebAsyncManagerIntegrationFilter@79a1b47d, org.springframework.security.web.context.SecurityContextPersistenceFilter@6463c769, org.springframework.security.web.header.HeaderWriterFilter@4feeebcb, org.springframework.web.filter.CorsFilter@cccb7a5, org.springframework.security.web.authentication.logout.LogoutFilter@466a6140, com.example.authenticationservice.config.JwtRequestFilter@6cd78ce7, org.springframework.security.web.savedrequest.RequestCacheAwareFilter@62b8f609, org.springframework.security.web.servletapi.SecurityContextHolderAwareRequestFilter@1c004813, org.springframework.security.web.authentication.AnonymousAuthenticationFilter@45287e7b, org.springframework.security.web.session.SessionManagementFilter@1642cdb2, org.springframework.security.web.access.ExceptionTranslationFilter@261357ae, org.springframework.security.web.access.intercept.FilterSecurityInterceptor@66119766]
2022-10-13 00:22:57.975  INFO 32760 --- [restartedMain] DiscoveryClientOptionalArgsConfiguration : Eureka HTTP Client uses Jersey
2022-10-13 00:22:58.841  WARN 32760 --- [restartedMain] iguration$LoadBalancerCaffeineWarnLogger : Spring Cloud LoadBalancer is currently working with the default cache. While this cache implementation is useful for development and tests, it's recommended to use Caffeine cache in production.You can switch to using Caffeine cache, by adding it and org.springframework.cache.caffeine.CaffeineCacheManager to the classpath.
2022-10-13 00:22:58.901  INFO 32760 --- [restartedMain] o.s.c.n.eureka.InstanceInfoFactory       : Setting initial instance status as: STARTING
2022-10-13 00:22:58.929  INFO 32760 --- [restartedMain] com.netflix.discovery.DiscoveryClient    : Initializing Eureka in region us-east-1
2022-10-13 00:22:58.993  INFO 32760 --- [restartedMain] c.n.d.provider.DiscoveryJerseyProvider   : Using JSON encoding codec LegacyJacksonJson
2022-10-13 00:22:58.994  INFO 32760 --- [restartedMain] c.n.d.provider.DiscoveryJerseyProvider   : Using JSON decoding codec LegacyJacksonJson
2022-10-13 00:22:59.077  INFO 32760 --- [restartedMain] c.n.d.provider.DiscoveryJerseyProvider   : Using XML encoding codec XStreamXml
2022-10-13 00:22:59.078  INFO 32760 --- [restartedMain] c.n.d.provider.DiscoveryJerseyProvider   : Using XML decoding codec XStreamXml
2022-10-13 00:22:59.224  INFO 32760 --- [restartedMain] c.n.d.s.r.aws.ConfigClusterResolver      : Resolving eureka endpoints via configuration
2022-10-13 00:22:59.236  INFO 32760 --- [restartedMain] com.netflix.discovery.DiscoveryClient    : Disable delta property : false
2022-10-13 00:22:59.237  INFO 32760 --- [restartedMain] com.netflix.discovery.DiscoveryClient    : Single vip registry refresh property : null
2022-10-13 00:22:59.237  INFO 32760 --- [restartedMain] com.netflix.discovery.DiscoveryClient    : Force full registry fetch : false
2022-10-13 00:22:59.237  INFO 32760 --- [restartedMain] com.netflix.discovery.DiscoveryClient    : Application is null : false
2022-10-13 00:22:59.237  INFO 32760 --- [restartedMain] com.netflix.discovery.DiscoveryClient    : Registered Applications size is zero : true
2022-10-13 00:22:59.237  INFO 32760 --- [restartedMain] com.netflix.discovery.DiscoveryClient    : Application version is -1: true
2022-10-13 00:22:59.237  INFO 32760 --- [restartedMain] com.netflix.discovery.DiscoveryClient    : Getting all instance registry info from the eureka server
2022-10-13 00:22:59.370  INFO 32760 --- [restartedMain] com.netflix.discovery.DiscoveryClient    : The response status is 200
2022-10-13 00:22:59.373  INFO 32760 --- [restartedMain] com.netflix.discovery.DiscoveryClient    : Starting heartbeat executor: renew interval is: 30
2022-10-13 00:22:59.375  INFO 32760 --- [restartedMain] c.n.discovery.InstanceInfoReplicator     : InstanceInfoReplicator onDemand update allowed rate per min is 4
2022-10-13 00:22:59.378  INFO 32760 --- [restartedMain] com.netflix.discovery.DiscoveryClient    : Discovery Client initialized at timestamp 1665616979378 with initial instances count: 0
2022-10-13 00:22:59.382  INFO 32760 --- [restartedMain] o.s.c.n.e.s.EurekaServiceRegistry        : Registering application AUTHENTICATIONSERVICE with eureka with status UP
2022-10-13 00:22:59.383  INFO 32760 --- [restartedMain] com.netflix.discovery.DiscoveryClient    : Saw local status change event StatusChangeEvent [timestamp=1665616979383, current=UP, previous=STARTING]
2022-10-13 00:22:59.385  INFO 32760 --- [DiscoveryClient-InstanceInfoReplicator-0] com.netflix.discovery.DiscoveryClient    : DiscoveryClient_AUTHENTICATIONSERVICE/host.docker.internal:authenticationservice:8082: registering service...
2022-10-13 00:22:59.409  INFO 32760 --- [restartedMain] o.s.b.w.embedded.tomcat.TomcatWebServer  : Tomcat started on port(s): 8082 (http) with context path ''
2022-10-13 00:22:59.411  INFO 32760 --- [restartedMain] .s.c.n.e.s.EurekaAutoServiceRegistration : Updating port to 8082
2022-10-13 00:22:59.527  INFO 32760 --- [DiscoveryClient-InstanceInfoReplicator-0] com.netflix.discovery.DiscoveryClient    : DiscoveryClient_AUTHENTICATIONSERVICE/host.docker.internal:authenticationservice:8082 - registration status: 204
2022-10-13 00:23:00.376  INFO 32760 --- [restartedMain] c.e.a.AuthenticationServiceApplication   : Started AuthenticationServiceApplication in 9.561 seconds (JVM running for 10.713)
2022-10-13 00:23:29.375  INFO 32760 --- [DiscoveryClient-CacheRefreshExecutor-0] com.netflix.discovery.DiscoveryClient    : Disable delta property : false
2022-10-13 00:23:29.376  INFO 32760 --- [DiscoveryClient-CacheRefreshExecutor-0] com.netflix.discovery.DiscoveryClient    : Single vip registry refresh property : null
2022-10-13 00:23:29.376  INFO 32760 --- [DiscoveryClient-CacheRefreshExecutor-0] com.netflix.discovery.DiscoveryClient    : Force full registry fetch : false
2022-10-13 00:23:29.377  INFO 32760 --- [DiscoveryClient-CacheRefreshExecutor-0] com.netflix.discovery.DiscoveryClient    : Application is null : false
2022-10-13 00:23:29.377  INFO 32760 --- [DiscoveryClient-CacheRefreshExecutor-0] com.netflix.discovery.DiscoveryClient    : Registered Applications size is zero : true
2022-10-13 00:23:29.377  INFO 32760 --- [DiscoveryClient-CacheRefreshExecutor-0] com.netflix.discovery.DiscoveryClient    : Application version is -1: false
2022-10-13 00:23:29.377  INFO 32760 --- [DiscoveryClient-CacheRefreshExecutor-0] com.netflix.discovery.DiscoveryClient    : Getting all instance registry info from the eureka server
2022-10-13 00:23:29.478  INFO 32760 --- [DiscoveryClient-CacheRefreshExecutor-0] com.netflix.discovery.DiscoveryClient    : The response status is 200
2022-10-13 00:24:01.917  INFO 32760 --- [http-nio-8082-exec-1] o.a.c.c.C.[Tomcat].[localhost].[/]       : Initializing Spring DispatcherServlet 'dispatcherServlet'
2022-10-13 00:24:01.917  INFO 32760 --- [http-nio-8082-exec-1] o.s.web.servlet.DispatcherServlet        : Initializing Servlet 'dispatcherServlet'
2022-10-13 00:24:01.921  INFO 32760 --- [http-nio-8082-exec-1] o.s.web.servlet.DispatcherServlet        : Completed initialization in 4 ms
2022-10-13 00:24:01.941  WARN 32760 --- [http-nio-8082-exec-1] c.e.a.config.JwtRequestFilter            : JWT Token does not begin with Bearer String
2022-10-13 00:24:54.556  WARN 32760 --- [http-nio-8082-exec-2] c.e.a.config.JwtRequestFilter            : JWT Token does not begin with Bearer String
2022-10-13 00:25:03.597  WARN 32760 --- [http-nio-8082-exec-5] c.e.a.config.JwtRequestFilter            : JWT Token does not begin with Bearer String
2022-10-13 00:25:03.676  WARN 32760 --- [http-nio-8082-exec-4] c.e.a.config.JwtRequestFilter            : JWT Token does not begin with Bearer String
2022-10-13 00:25:03.677  WARN 32760 --- [http-nio-8082-exec-6] c.e.a.config.JwtRequestFilter            : JWT Token does not begin with Bearer String
2022-10-13 00:25:03.682  WARN 32760 --- [http-nio-8082-exec-8] c.e.a.config.JwtRequestFilter            : JWT Token does not begin with Bearer String
2022-10-13 00:25:03.682  WARN 32760 --- [http-nio-8082-exec-7] c.e.a.config.JwtRequestFilter            : JWT Token does not begin with Bearer String
2022-10-13 00:25:03.684  WARN 32760 --- [http-nio-8082-exec-9] c.e.a.config.JwtRequestFilter            : JWT Token does not begin with Bearer String
2022-10-13 00:25:04.019  WARN 32760 --- [http-nio-8082-exec-10] c.e.a.config.JwtRequestFilter            : JWT Token does not begin with Bearer String
2022-10-13 00:25:04.023  WARN 32760 --- [http-nio-8082-exec-1] c.e.a.config.JwtRequestFilter            : JWT Token does not begin with Bearer String
2022-10-13 00:25:04.054  WARN 32760 --- [http-nio-8082-exec-2] c.e.a.config.JwtRequestFilter            : JWT Token does not begin with Bearer String
2022-10-13 00:25:04.067  WARN 32760 --- [http-nio-8082-exec-3] c.e.a.config.JwtRequestFilter            : JWT Token does not begin with Bearer String
2022-10-13 00:25:04.137  WARN 32760 --- [http-nio-8082-exec-5] c.e.a.config.JwtRequestFilter            : JWT Token does not begin with Bearer String
2022-10-13 00:25:36.231  WARN 32760 --- [http-nio-8082-exec-4] c.e.a.config.JwtRequestFilter            : JWT Token does not begin with Bearer String
2022-10-13 00:25:36.410  WARN 32760 --- [http-nio-8082-exec-7] c.e.a.config.JwtRequestFilter            : JWT Token does not begin with Bearer String
2022-10-13 00:25:36.427  WARN 32760 --- [http-nio-8082-exec-6] c.e.a.config.JwtRequestFilter            : JWT Token does not begin with Bearer String
2022-10-13 00:25:36.438  WARN 32760 --- [http-nio-8082-exec-8] c.e.a.config.JwtRequestFilter            : JWT Token does not begin with Bearer String
2022-10-13 00:25:36.468  WARN 32760 --- [http-nio-8082-exec-9] c.e.a.config.JwtRequestFilter            : JWT Token does not begin with Bearer String
2022-10-13 00:25:56.854  WARN 32760 --- [http-nio-8082-exec-1] c.e.a.config.JwtRequestFilter            : JWT Token does not begin with Bearer String
2022-10-13 00:26:00.214  WARN 32760 --- [http-nio-8082-exec-10] c.e.a.config.JwtRequestFilter            : JWT Token does not begin with Bearer String
2022-10-13 00:26:00.347  WARN 32760 --- [http-nio-8082-exec-2] c.e.a.config.JwtRequestFilter            : JWT Token does not begin with Bearer String
2022-10-13 00:26:00.360  WARN 32760 --- [http-nio-8082-exec-3] c.e.a.config.JwtRequestFilter            : JWT Token does not begin with Bearer String
2022-10-13 00:26:00.370  WARN 32760 --- [http-nio-8082-exec-5] c.e.a.config.JwtRequestFilter            : JWT Token does not begin with Bearer String
2022-10-13 00:26:00.397  WARN 32760 --- [http-nio-8082-exec-4] c.e.a.config.JwtRequestFilter            : JWT Token does not begin with Bearer String
2022-10-13 00:26:06.640  WARN 32760 --- [http-nio-8082-exec-1] c.e.a.config.JwtRequestFilter            : JWT Token does not begin with Bearer String
2022-10-13 00:26:32.294  INFO 32760 --- [SpringApplicationShutdownHook] o.s.c.n.e.s.EurekaServiceRegistry        : Unregistering application AUTHENTICATIONSERVICE with eureka with status DOWN
2022-10-13 00:26:32.295  INFO 32760 --- [SpringApplicationShutdownHook] com.netflix.discovery.DiscoveryClient    : Saw local status change event StatusChangeEvent [timestamp=1665617192295, current=DOWN, previous=UP]
2022-10-13 00:26:32.295  INFO 32760 --- [DiscoveryClient-InstanceInfoReplicator-0] com.netflix.discovery.DiscoveryClient    : DiscoveryClient_AUTHENTICATIONSERVICE/host.docker.internal:authenticationservice:8082: registering service...
2022-10-13 00:26:32.315  INFO 32760 --- [DiscoveryClient-InstanceInfoReplicator-0] com.netflix.discovery.DiscoveryClient    : DiscoveryClient_AUTHENTICATIONSERVICE/host.docker.internal:authenticationservice:8082 - registration status: 204
2022-10-13 00:26:32.846  INFO 32760 --- [SpringApplicationShutdownHook] j.LocalContainerEntityManagerFactoryBean : Closing JPA EntityManagerFactory for persistence unit 'default'
2022-10-13 00:26:32.850  INFO 32760 --- [SpringApplicationShutdownHook] com.zaxxer.hikari.HikariDataSource       : HikariPool-1 - Shutdown initiated...
2022-10-13 00:26:32.858  INFO 32760 --- [SpringApplicationShutdownHook] com.zaxxer.hikari.HikariDataSource       : HikariPool-1 - Shutdown completed.
2022-10-13 00:26:32.859  INFO 32760 --- [SpringApplicationShutdownHook] com.netflix.discovery.DiscoveryClient    : Shutting down DiscoveryClient ...
2022-10-13 00:26:35.864  INFO 32760 --- [SpringApplicationShutdownHook] com.netflix.discovery.DiscoveryClient    : Unregistering ...
2022-10-13 00:26:35.888  INFO 32760 --- [SpringApplicationShutdownHook] com.netflix.discovery.DiscoveryClient    : DiscoveryClient_AUTHENTICATIONSERVICE/host.docker.internal:authenticationservice:8082 - deregister  status: 200
2022-10-13 00:26:35.919  INFO 32760 --- [SpringApplicationShutdownHook] com.netflix.discovery.DiscoveryClient    : Completed shut down of DiscoveryClient
2022-10-13 01:41:52.455  INFO 38888 --- [restartedMain] c.e.a.AuthenticationServiceApplication   : Starting AuthenticationServiceApplication using Java 1.8.0_60 on LAPTOP-VDKLVIKF with PID 38888 (C:\Users\speak\Microservices\AuthenticationService\target\classes started by speak in C:\Users\speak\Microservices\AuthenticationService)
2022-10-13 01:41:52.456 DEBUG 38888 --- [restartedMain] c.e.a.AuthenticationServiceApplication   : Running with Spring Boot v2.7.1, Spring v5.3.21
2022-10-13 01:41:52.456  INFO 38888 --- [restartedMain] c.e.a.AuthenticationServiceApplication   : No active profile set, falling back to 1 default profile: "default"
2022-10-13 01:41:52.490  INFO 38888 --- [restartedMain] .e.DevToolsPropertyDefaultsPostProcessor : Devtools property defaults active! Set 'spring.devtools.add-properties' to 'false' to disable
2022-10-13 01:41:52.491  INFO 38888 --- [restartedMain] .e.DevToolsPropertyDefaultsPostProcessor : For additional web related logging consider setting the 'logging.level.web' property to 'DEBUG'
2022-10-13 01:41:53.303  INFO 38888 --- [restartedMain] .s.d.r.c.RepositoryConfigurationDelegate : Bootstrapping Spring Data JPA repositories in DEFAULT mode.
2022-10-13 01:41:53.352  INFO 38888 --- [restartedMain] .s.d.r.c.RepositoryConfigurationDelegate : Finished Spring Data repository scanning in 42 ms. Found 1 JPA repository interfaces.
2022-10-13 01:41:53.636  INFO 38888 --- [restartedMain] o.s.cloud.context.scope.GenericScope     : BeanFactory id=c38a5db9-0a1b-3b30-9dda-bf2c629b69b6
2022-10-13 01:41:54.217  INFO 38888 --- [restartedMain] o.s.b.w.embedded.tomcat.TomcatWebServer  : Tomcat initialized with port(s): 8082 (http)
2022-10-13 01:41:54.224  INFO 38888 --- [restartedMain] o.apache.catalina.core.StandardService   : Starting service [Tomcat]
2022-10-13 01:41:54.224  INFO 38888 --- [restartedMain] org.apache.catalina.core.StandardEngine  : Starting Servlet engine: [Apache Tomcat/9.0.64]
2022-10-13 01:41:54.329  INFO 38888 --- [restartedMain] o.a.c.c.C.[Tomcat].[localhost].[/]       : Initializing Spring embedded WebApplicationContext
2022-10-13 01:41:54.330  INFO 38888 --- [restartedMain] w.s.c.ServletWebServerApplicationContext : Root WebApplicationContext: initialization completed in 1839 ms
2022-10-13 01:41:54.568  INFO 38888 --- [restartedMain] o.hibernate.jpa.internal.util.LogHelper  : HHH000204: Processing PersistenceUnitInfo [name: default]
2022-10-13 01:41:54.604  INFO 38888 --- [restartedMain] org.hibernate.Version                    : HHH000412: Hibernate ORM core version 5.6.9.Final
2022-10-13 01:41:54.710  INFO 38888 --- [restartedMain] o.hibernate.annotations.common.Version   : HCANN000001: Hibernate Commons Annotations {5.1.2.Final}
2022-10-13 01:41:54.788  INFO 38888 --- [restartedMain] com.zaxxer.hikari.HikariDataSource       : HikariPool-1 - Starting...
2022-10-13 01:41:54.994  INFO 38888 --- [restartedMain] com.zaxxer.hikari.HikariDataSource       : HikariPool-1 - Start completed.
2022-10-13 01:41:55.009  INFO 38888 --- [restartedMain] org.hibernate.dialect.Dialect            : HHH000400: Using dialect: org.hibernate.dialect.SQLServer2012Dialect
2022-10-13 01:41:55.508  INFO 38888 --- [restartedMain] o.h.e.t.j.p.i.JtaPlatformInitiator       : HHH000490: Using JtaPlatform implementation: [org.hibernate.engine.transaction.jta.platform.internal.NoJtaPlatform]
2022-10-13 01:41:55.516  INFO 38888 --- [restartedMain] j.LocalContainerEntityManagerFactoryBean : Initialized JPA EntityManagerFactory for persistence unit 'default'
2022-10-13 01:41:55.765 DEBUG 38888 --- [restartedMain] c.e.a.config.JwtRequestFilter            : Filter 'jwtRequestFilter' configured for use
2022-10-13 01:41:55.797  WARN 38888 --- [restartedMain] JpaBaseConfiguration$JpaWebConfiguration : spring.jpa.open-in-view is enabled by default. Therefore, database queries may be performed during view rendering. Explicitly configure spring.jpa.open-in-view to disable this warning
2022-10-13 01:41:56.199  INFO 38888 --- [restartedMain] o.s.b.d.a.OptionalLiveReloadServer       : LiveReload server is running on port 35729
2022-10-13 01:41:56.328  WARN 38888 --- [restartedMain] o.s.s.c.a.web.builders.WebSecurity       : You are asking Spring Security to ignore Ant [pattern='/v2/api-docs']. This is not recommended -- please use permitAll via HttpSecurity#authorizeHttpRequests instead.
2022-10-13 01:41:56.329  INFO 38888 --- [restartedMain] o.s.s.web.DefaultSecurityFilterChain     : Will not secure Ant [pattern='/v2/api-docs']
2022-10-13 01:41:56.329  WARN 38888 --- [restartedMain] o.s.s.c.a.web.builders.WebSecurity       : You are asking Spring Security to ignore Ant [pattern='/swagger-resources']. This is not recommended -- please use permitAll via HttpSecurity#authorizeHttpRequests instead.
2022-10-13 01:41:56.329  INFO 38888 --- [restartedMain] o.s.s.web.DefaultSecurityFilterChain     : Will not secure Ant [pattern='/swagger-resources']
2022-10-13 01:41:56.329  WARN 38888 --- [restartedMain] o.s.s.c.a.web.builders.WebSecurity       : You are asking Spring Security to ignore Ant [pattern='/swagger-resources/**']. This is not recommended -- please use permitAll via HttpSecurity#authorizeHttpRequests instead.
2022-10-13 01:41:56.330  INFO 38888 --- [restartedMain] o.s.s.web.DefaultSecurityFilterChain     : Will not secure Ant [pattern='/swagger-resources/**']
2022-10-13 01:41:56.330  WARN 38888 --- [restartedMain] o.s.s.c.a.web.builders.WebSecurity       : You are asking Spring Security to ignore Ant [pattern='/configuration/ui']. This is not recommended -- please use permitAll via HttpSecurity#authorizeHttpRequests instead.
2022-10-13 01:41:56.330  INFO 38888 --- [restartedMain] o.s.s.web.DefaultSecurityFilterChain     : Will not secure Ant [pattern='/configuration/ui']
2022-10-13 01:41:56.330  WARN 38888 --- [restartedMain] o.s.s.c.a.web.builders.WebSecurity       : You are asking Spring Security to ignore Ant [pattern='/configuration/security']. This is not recommended -- please use permitAll via HttpSecurity#authorizeHttpRequests instead.
2022-10-13 01:41:56.330  INFO 38888 --- [restartedMain] o.s.s.web.DefaultSecurityFilterChain     : Will not secure Ant [pattern='/configuration/security']
2022-10-13 01:41:56.330  WARN 38888 --- [restartedMain] o.s.s.c.a.web.builders.WebSecurity       : You are asking Spring Security to ignore Ant [pattern='/swagger-ui.html']. This is not recommended -- please use permitAll via HttpSecurity#authorizeHttpRequests instead.
2022-10-13 01:41:56.330  INFO 38888 --- [restartedMain] o.s.s.web.DefaultSecurityFilterChain     : Will not secure Ant [pattern='/swagger-ui.html']
2022-10-13 01:41:56.330  WARN 38888 --- [restartedMain] o.s.s.c.a.web.builders.WebSecurity       : You are asking Spring Security to ignore Ant [pattern='/webjars/**']. This is not recommended -- please use permitAll via HttpSecurity#authorizeHttpRequests instead.
2022-10-13 01:41:56.330  INFO 38888 --- [restartedMain] o.s.s.web.DefaultSecurityFilterChain     : Will not secure Ant [pattern='/webjars/**']
2022-10-13 01:41:56.330  WARN 38888 --- [restartedMain] o.s.s.c.a.web.builders.WebSecurity       : You are asking Spring Security to ignore Ant [pattern='/v3/api-docs/**']. This is not recommended -- please use permitAll via HttpSecurity#authorizeHttpRequests instead.
2022-10-13 01:41:56.330  INFO 38888 --- [restartedMain] o.s.s.web.DefaultSecurityFilterChain     : Will not secure Ant [pattern='/v3/api-docs/**']
2022-10-13 01:41:56.330  WARN 38888 --- [restartedMain] o.s.s.c.a.web.builders.WebSecurity       : You are asking Spring Security to ignore Ant [pattern='/swagger-ui/**']. This is not recommended -- please use permitAll via HttpSecurity#authorizeHttpRequests instead.
2022-10-13 01:41:56.331  INFO 38888 --- [restartedMain] o.s.s.web.DefaultSecurityFilterChain     : Will not secure Ant [pattern='/swagger-ui/**']
2022-10-13 01:41:56.539  INFO 38888 --- [restartedMain] o.s.s.web.DefaultSecurityFilterChain     : Will secure any request with [org.springframework.security.web.session.DisableEncodeUrlFilter@46ce9003, org.springframework.security.web.context.request.async.WebAsyncManagerIntegrationFilter@565779f9, org.springframework.security.web.context.SecurityContextPersistenceFilter@288fabc7, org.springframework.security.web.header.HeaderWriterFilter@51cf4534, org.springframework.web.filter.CorsFilter@3c0fdf4d, org.springframework.security.web.authentication.logout.LogoutFilter@227110ca, com.example.authenticationservice.config.JwtRequestFilter@55af9b46, org.springframework.security.web.savedrequest.RequestCacheAwareFilter@261357ae, org.springframework.security.web.servletapi.SecurityContextHolderAwareRequestFilter@383b09ce, org.springframework.security.web.authentication.AnonymousAuthenticationFilter@3dcda51d, org.springframework.security.web.session.SessionManagementFilter@1d771e7e, org.springframework.security.web.access.ExceptionTranslationFilter@48b6d0a0, org.springframework.security.web.access.intercept.FilterSecurityInterceptor@5d9c9b45]
2022-10-13 01:41:57.488  INFO 38888 --- [restartedMain] DiscoveryClientOptionalArgsConfiguration : Eureka HTTP Client uses Jersey
2022-10-13 01:41:58.300  WARN 38888 --- [restartedMain] iguration$LoadBalancerCaffeineWarnLogger : Spring Cloud LoadBalancer is currently working with the default cache. While this cache implementation is useful for development and tests, it's recommended to use Caffeine cache in production.You can switch to using Caffeine cache, by adding it and org.springframework.cache.caffeine.CaffeineCacheManager to the classpath.
2022-10-13 01:41:58.362  INFO 38888 --- [restartedMain] o.s.c.n.eureka.InstanceInfoFactory       : Setting initial instance status as: STARTING
2022-10-13 01:41:58.391  INFO 38888 --- [restartedMain] com.netflix.discovery.DiscoveryClient    : Initializing Eureka in region us-east-1
2022-10-13 01:41:58.455  INFO 38888 --- [restartedMain] c.n.d.provider.DiscoveryJerseyProvider   : Using JSON encoding codec LegacyJacksonJson
2022-10-13 01:41:58.455  INFO 38888 --- [restartedMain] c.n.d.provider.DiscoveryJerseyProvider   : Using JSON decoding codec LegacyJacksonJson
2022-10-13 01:41:58.539  INFO 38888 --- [restartedMain] c.n.d.provider.DiscoveryJerseyProvider   : Using XML encoding codec XStreamXml
2022-10-13 01:41:58.539  INFO 38888 --- [restartedMain] c.n.d.provider.DiscoveryJerseyProvider   : Using XML decoding codec XStreamXml
2022-10-13 01:41:58.675  INFO 38888 --- [restartedMain] c.n.d.s.r.aws.ConfigClusterResolver      : Resolving eureka endpoints via configuration
2022-10-13 01:41:58.688  INFO 38888 --- [restartedMain] com.netflix.discovery.DiscoveryClient    : Disable delta property : false
2022-10-13 01:41:58.688  INFO 38888 --- [restartedMain] com.netflix.discovery.DiscoveryClient    : Single vip registry refresh property : null
2022-10-13 01:41:58.688  INFO 38888 --- [restartedMain] com.netflix.discovery.DiscoveryClient    : Force full registry fetch : false
2022-10-13 01:41:58.688  INFO 38888 --- [restartedMain] com.netflix.discovery.DiscoveryClient    : Application is null : false
2022-10-13 01:41:58.688  INFO 38888 --- [restartedMain] com.netflix.discovery.DiscoveryClient    : Registered Applications size is zero : true
2022-10-13 01:41:58.688  INFO 38888 --- [restartedMain] com.netflix.discovery.DiscoveryClient    : Application version is -1: true
2022-10-13 01:41:58.688  INFO 38888 --- [restartedMain] com.netflix.discovery.DiscoveryClient    : Getting all instance registry info from the eureka server
2022-10-13 01:41:58.804  INFO 38888 --- [restartedMain] com.netflix.discovery.DiscoveryClient    : The response status is 200
2022-10-13 01:41:58.807  INFO 38888 --- [restartedMain] com.netflix.discovery.DiscoveryClient    : Starting heartbeat executor: renew interval is: 30
2022-10-13 01:41:58.809  INFO 38888 --- [restartedMain] c.n.discovery.InstanceInfoReplicator     : InstanceInfoReplicator onDemand update allowed rate per min is 4
2022-10-13 01:41:58.813  INFO 38888 --- [restartedMain] com.netflix.discovery.DiscoveryClient    : Discovery Client initialized at timestamp 1665621718812 with initial instances count: 0
2022-10-13 01:41:58.817  INFO 38888 --- [restartedMain] o.s.c.n.e.s.EurekaServiceRegistry        : Registering application AUTHENTICATIONSERVICE with eureka with status UP
2022-10-13 01:41:58.818  INFO 38888 --- [restartedMain] com.netflix.discovery.DiscoveryClient    : Saw local status change event StatusChangeEvent [timestamp=1665621718818, current=UP, previous=STARTING]
2022-10-13 01:41:58.820  INFO 38888 --- [DiscoveryClient-InstanceInfoReplicator-0] com.netflix.discovery.DiscoveryClient    : DiscoveryClient_AUTHENTICATIONSERVICE/host.docker.internal:authenticationservice:8082: registering service...
2022-10-13 01:41:58.845  INFO 38888 --- [restartedMain] o.s.b.w.embedded.tomcat.TomcatWebServer  : Tomcat started on port(s): 8082 (http) with context path ''
2022-10-13 01:41:58.846  INFO 38888 --- [restartedMain] .s.c.n.e.s.EurekaAutoServiceRegistration : Updating port to 8082
2022-10-13 01:41:58.981  INFO 38888 --- [DiscoveryClient-InstanceInfoReplicator-0] com.netflix.discovery.DiscoveryClient    : DiscoveryClient_AUTHENTICATIONSERVICE/host.docker.internal:authenticationservice:8082 - registration status: 204
2022-10-13 01:41:59.846  INFO 38888 --- [restartedMain] c.e.a.AuthenticationServiceApplication   : Started AuthenticationServiceApplication in 8.582 seconds (JVM running for 9.798)
2022-10-13 01:42:28.813  INFO 38888 --- [DiscoveryClient-CacheRefreshExecutor-0] com.netflix.discovery.DiscoveryClient    : Disable delta property : false
2022-10-13 01:42:28.813  INFO 38888 --- [DiscoveryClient-CacheRefreshExecutor-0] com.netflix.discovery.DiscoveryClient    : Single vip registry refresh property : null
2022-10-13 01:42:28.813  INFO 38888 --- [DiscoveryClient-CacheRefreshExecutor-0] com.netflix.discovery.DiscoveryClient    : Force full registry fetch : false
2022-10-13 01:42:28.813  INFO 38888 --- [DiscoveryClient-CacheRefreshExecutor-0] com.netflix.discovery.DiscoveryClient    : Application is null : false
2022-10-13 01:42:28.814  INFO 38888 --- [DiscoveryClient-CacheRefreshExecutor-0] com.netflix.discovery.DiscoveryClient    : Registered Applications size is zero : true
2022-10-13 01:42:28.814  INFO 38888 --- [DiscoveryClient-CacheRefreshExecutor-0] com.netflix.discovery.DiscoveryClient    : Application version is -1: false
2022-10-13 01:42:28.814  INFO 38888 --- [DiscoveryClient-CacheRefreshExecutor-0] com.netflix.discovery.DiscoveryClient    : Getting all instance registry info from the eureka server
2022-10-13 01:42:28.861  INFO 38888 --- [DiscoveryClient-CacheRefreshExecutor-0] com.netflix.discovery.DiscoveryClient    : The response status is 200
2022-10-13 01:43:24.763  INFO 38888 --- [SpringApplicationShutdownHook] o.s.c.n.e.s.EurekaServiceRegistry        : Unregistering application AUTHENTICATIONSERVICE with eureka with status DOWN
2022-10-13 01:43:24.763  INFO 38888 --- [SpringApplicationShutdownHook] com.netflix.discovery.DiscoveryClient    : Saw local status change event StatusChangeEvent [timestamp=1665621804763, current=DOWN, previous=UP]
2022-10-13 01:43:24.763  INFO 38888 --- [DiscoveryClient-InstanceInfoReplicator-0] com.netflix.discovery.DiscoveryClient    : DiscoveryClient_AUTHENTICATIONSERVICE/host.docker.internal:authenticationservice:8082: registering service...
2022-10-13 01:43:24.782  INFO 38888 --- [DiscoveryClient-InstanceInfoReplicator-0] com.netflix.discovery.DiscoveryClient    : DiscoveryClient_AUTHENTICATIONSERVICE/host.docker.internal:authenticationservice:8082 - registration status: 204
2022-10-13 01:43:25.336  INFO 38888 --- [SpringApplicationShutdownHook] j.LocalContainerEntityManagerFactoryBean : Closing JPA EntityManagerFactory for persistence unit 'default'
2022-10-13 01:43:25.340  INFO 38888 --- [SpringApplicationShutdownHook] com.zaxxer.hikari.HikariDataSource       : HikariPool-1 - Shutdown initiated...
2022-10-13 01:43:25.348  INFO 38888 --- [SpringApplicationShutdownHook] com.zaxxer.hikari.HikariDataSource       : HikariPool-1 - Shutdown completed.
2022-10-13 01:43:25.349  INFO 38888 --- [SpringApplicationShutdownHook] com.netflix.discovery.DiscoveryClient    : Shutting down DiscoveryClient ...
2022-10-13 01:44:15.803  INFO 39156 --- [restartedMain] c.e.a.AuthenticationServiceApplication   : Starting AuthenticationServiceApplication using Java 1.8.0_60 on LAPTOP-VDKLVIKF with PID 39156 (C:\Users\speak\Microservices\AuthenticationService\target\classes started by speak in C:\Users\speak\Microservices\AuthenticationService)
2022-10-13 01:44:15.804 DEBUG 39156 --- [restartedMain] c.e.a.AuthenticationServiceApplication   : Running with Spring Boot v2.7.1, Spring v5.3.21
2022-10-13 01:44:15.804  INFO 39156 --- [restartedMain] c.e.a.AuthenticationServiceApplication   : No active profile set, falling back to 1 default profile: "default"
2022-10-13 01:44:15.839  INFO 39156 --- [restartedMain] .e.DevToolsPropertyDefaultsPostProcessor : Devtools property defaults active! Set 'spring.devtools.add-properties' to 'false' to disable
2022-10-13 01:44:15.840  INFO 39156 --- [restartedMain] .e.DevToolsPropertyDefaultsPostProcessor : For additional web related logging consider setting the 'logging.level.web' property to 'DEBUG'
2022-10-13 01:44:16.686  INFO 39156 --- [restartedMain] .s.d.r.c.RepositoryConfigurationDelegate : Bootstrapping Spring Data JPA repositories in DEFAULT mode.
2022-10-13 01:44:16.737  INFO 39156 --- [restartedMain] .s.d.r.c.RepositoryConfigurationDelegate : Finished Spring Data repository scanning in 45 ms. Found 1 JPA repository interfaces.
2022-10-13 01:44:16.957  INFO 39156 --- [restartedMain] o.s.cloud.context.scope.GenericScope     : BeanFactory id=c38a5db9-0a1b-3b30-9dda-bf2c629b69b6
2022-10-13 01:44:17.521  INFO 39156 --- [restartedMain] o.s.b.w.embedded.tomcat.TomcatWebServer  : Tomcat initialized with port(s): 8082 (http)
2022-10-13 01:44:17.527  INFO 39156 --- [restartedMain] o.apache.catalina.core.StandardService   : Starting service [Tomcat]
2022-10-13 01:44:17.528  INFO 39156 --- [restartedMain] org.apache.catalina.core.StandardEngine  : Starting Servlet engine: [Apache Tomcat/9.0.64]
2022-10-13 01:44:17.626  INFO 39156 --- [restartedMain] o.a.c.c.C.[Tomcat].[localhost].[/]       : Initializing Spring embedded WebApplicationContext
2022-10-13 01:44:17.626  INFO 39156 --- [restartedMain] w.s.c.ServletWebServerApplicationContext : Root WebApplicationContext: initialization completed in 1786 ms
2022-10-13 01:44:17.855  INFO 39156 --- [restartedMain] o.hibernate.jpa.internal.util.LogHelper  : HHH000204: Processing PersistenceUnitInfo [name: default]
2022-10-13 01:44:17.891  INFO 39156 --- [restartedMain] org.hibernate.Version                    : HHH000412: Hibernate ORM core version 5.6.9.Final
2022-10-13 01:44:17.995  INFO 39156 --- [restartedMain] o.hibernate.annotations.common.Version   : HCANN000001: Hibernate Commons Annotations {5.1.2.Final}
2022-10-13 01:44:18.070  INFO 39156 --- [restartedMain] com.zaxxer.hikari.HikariDataSource       : HikariPool-1 - Starting...
2022-10-13 01:44:18.251  INFO 39156 --- [restartedMain] com.zaxxer.hikari.HikariDataSource       : HikariPool-1 - Start completed.
2022-10-13 01:44:18.264  INFO 39156 --- [restartedMain] org.hibernate.dialect.Dialect            : HHH000400: Using dialect: org.hibernate.dialect.SQLServer2012Dialect
2022-10-13 01:44:18.770  INFO 39156 --- [restartedMain] o.h.e.t.j.p.i.JtaPlatformInitiator       : HHH000490: Using JtaPlatform implementation: [org.hibernate.engine.transaction.jta.platform.internal.NoJtaPlatform]
2022-10-13 01:44:18.777  INFO 39156 --- [restartedMain] j.LocalContainerEntityManagerFactoryBean : Initialized JPA EntityManagerFactory for persistence unit 'default'
2022-10-13 01:44:19.031 DEBUG 39156 --- [restartedMain] c.e.a.config.JwtRequestFilter            : Filter 'jwtRequestFilter' configured for use
2022-10-13 01:44:19.064  WARN 39156 --- [restartedMain] JpaBaseConfiguration$JpaWebConfiguration : spring.jpa.open-in-view is enabled by default. Therefore, database queries may be performed during view rendering. Explicitly configure spring.jpa.open-in-view to disable this warning
2022-10-13 01:44:19.500  INFO 39156 --- [restartedMain] o.s.b.d.a.OptionalLiveReloadServer       : LiveReload server is running on port 35729
2022-10-13 01:44:19.636  WARN 39156 --- [restartedMain] o.s.s.c.a.web.builders.WebSecurity       : You are asking Spring Security to ignore Ant [pattern='/v2/api-docs']. This is not recommended -- please use permitAll via HttpSecurity#authorizeHttpRequests instead.
2022-10-13 01:44:19.636  INFO 39156 --- [restartedMain] o.s.s.web.DefaultSecurityFilterChain     : Will not secure Ant [pattern='/v2/api-docs']
2022-10-13 01:44:19.637  WARN 39156 --- [restartedMain] o.s.s.c.a.web.builders.WebSecurity       : You are asking Spring Security to ignore Ant [pattern='/swagger-resources']. This is not recommended -- please use permitAll via HttpSecurity#authorizeHttpRequests instead.
2022-10-13 01:44:19.637  INFO 39156 --- [restartedMain] o.s.s.web.DefaultSecurityFilterChain     : Will not secure Ant [pattern='/swagger-resources']
2022-10-13 01:44:19.637  WARN 39156 --- [restartedMain] o.s.s.c.a.web.builders.WebSecurity       : You are asking Spring Security to ignore Ant [pattern='/swagger-resources/**']. This is not recommended -- please use permitAll via HttpSecurity#authorizeHttpRequests instead.
2022-10-13 01:44:19.637  INFO 39156 --- [restartedMain] o.s.s.web.DefaultSecurityFilterChain     : Will not secure Ant [pattern='/swagger-resources/**']
2022-10-13 01:44:19.637  WARN 39156 --- [restartedMain] o.s.s.c.a.web.builders.WebSecurity       : You are asking Spring Security to ignore Ant [pattern='/configuration/ui']. This is not recommended -- please use permitAll via HttpSecurity#authorizeHttpRequests instead.
2022-10-13 01:44:19.637  INFO 39156 --- [restartedMain] o.s.s.web.DefaultSecurityFilterChain     : Will not secure Ant [pattern='/configuration/ui']
2022-10-13 01:44:19.637  WARN 39156 --- [restartedMain] o.s.s.c.a.web.builders.WebSecurity       : You are asking Spring Security to ignore Ant [pattern='/configuration/security']. This is not recommended -- please use permitAll via HttpSecurity#authorizeHttpRequests instead.
2022-10-13 01:44:19.637  INFO 39156 --- [restartedMain] o.s.s.web.DefaultSecurityFilterChain     : Will not secure Ant [pattern='/configuration/security']
2022-10-13 01:44:19.637  WARN 39156 --- [restartedMain] o.s.s.c.a.web.builders.WebSecurity       : You are asking Spring Security to ignore Ant [pattern='/swagger-ui.html']. This is not recommended -- please use permitAll via HttpSecurity#authorizeHttpRequests instead.
2022-10-13 01:44:19.637  INFO 39156 --- [restartedMain] o.s.s.web.DefaultSecurityFilterChain     : Will not secure Ant [pattern='/swagger-ui.html']
2022-10-13 01:44:19.637  WARN 39156 --- [restartedMain] o.s.s.c.a.web.builders.WebSecurity       : You are asking Spring Security to ignore Ant [pattern='/webjars/**']. This is not recommended -- please use permitAll via HttpSecurity#authorizeHttpRequests instead.
2022-10-13 01:44:19.638  INFO 39156 --- [restartedMain] o.s.s.web.DefaultSecurityFilterChain     : Will not secure Ant [pattern='/webjars/**']
2022-10-13 01:44:19.638  WARN 39156 --- [restartedMain] o.s.s.c.a.web.builders.WebSecurity       : You are asking Spring Security to ignore Ant [pattern='/v3/api-docs/**']. This is not recommended -- please use permitAll via HttpSecurity#authorizeHttpRequests instead.
2022-10-13 01:44:19.638  INFO 39156 --- [restartedMain] o.s.s.web.DefaultSecurityFilterChain     : Will not secure Ant [pattern='/v3/api-docs/**']
2022-10-13 01:44:19.638  WARN 39156 --- [restartedMain] o.s.s.c.a.web.builders.WebSecurity       : You are asking Spring Security to ignore Ant [pattern='/swagger-ui/**']. This is not recommended -- please use permitAll via HttpSecurity#authorizeHttpRequests instead.
2022-10-13 01:44:19.638  INFO 39156 --- [restartedMain] o.s.s.web.DefaultSecurityFilterChain     : Will not secure Ant [pattern='/swagger-ui/**']
2022-10-13 01:44:19.860  INFO 39156 --- [restartedMain] o.s.s.web.DefaultSecurityFilterChain     : Will secure any request with [org.springframework.security.web.session.DisableEncodeUrlFilter@41429806, org.springframework.security.web.context.request.async.WebAsyncManagerIntegrationFilter@426a6832, org.springframework.security.web.context.SecurityContextPersistenceFilter@269e7bcf, org.springframework.security.web.header.HeaderWriterFilter@2ff9b50, org.springframework.web.filter.CorsFilter@1541e38f, org.springframework.security.web.authentication.logout.LogoutFilter@42c7d5f0, com.example.authenticationservice.config.JwtRequestFilter@68ed2d30, org.springframework.security.web.savedrequest.RequestCacheAwareFilter@29194a7, org.springframework.security.web.servletapi.SecurityContextHolderAwareRequestFilter@5e24ae8, org.springframework.security.web.authentication.AnonymousAuthenticationFilter@d45ec45, org.springframework.security.web.session.SessionManagementFilter@37d69e97, org.springframework.security.web.access.ExceptionTranslationFilter@30fc9cea, org.springframework.security.web.access.intercept.FilterSecurityInterceptor@3c679f02]
2022-10-13 01:44:20.818  INFO 39156 --- [restartedMain] DiscoveryClientOptionalArgsConfiguration : Eureka HTTP Client uses Jersey
2022-10-13 01:44:21.634  WARN 39156 --- [restartedMain] iguration$LoadBalancerCaffeineWarnLogger : Spring Cloud LoadBalancer is currently working with the default cache. While this cache implementation is useful for development and tests, it's recommended to use Caffeine cache in production.You can switch to using Caffeine cache, by adding it and org.springframework.cache.caffeine.CaffeineCacheManager to the classpath.
2022-10-13 01:44:21.702  INFO 39156 --- [restartedMain] o.s.c.n.eureka.InstanceInfoFactory       : Setting initial instance status as: STARTING
2022-10-13 01:44:21.735  INFO 39156 --- [restartedMain] com.netflix.discovery.DiscoveryClient    : Initializing Eureka in region us-east-1
2022-10-13 01:44:21.801  INFO 39156 --- [restartedMain] c.n.d.provider.DiscoveryJerseyProvider   : Using JSON encoding codec LegacyJacksonJson
2022-10-13 01:44:21.801  INFO 39156 --- [restartedMain] c.n.d.provider.DiscoveryJerseyProvider   : Using JSON decoding codec LegacyJacksonJson
2022-10-13 01:44:21.903  INFO 39156 --- [restartedMain] c.n.d.provider.DiscoveryJerseyProvider   : Using XML encoding codec XStreamXml
2022-10-13 01:44:21.903  INFO 39156 --- [restartedMain] c.n.d.provider.DiscoveryJerseyProvider   : Using XML decoding codec XStreamXml
2022-10-13 01:44:22.037  INFO 39156 --- [restartedMain] c.n.d.s.r.aws.ConfigClusterResolver      : Resolving eureka endpoints via configuration
2022-10-13 01:44:22.049  INFO 39156 --- [restartedMain] com.netflix.discovery.DiscoveryClient    : Disable delta property : false
2022-10-13 01:44:22.049  INFO 39156 --- [restartedMain] com.netflix.discovery.DiscoveryClient    : Single vip registry refresh property : null
2022-10-13 01:44:22.049  INFO 39156 --- [restartedMain] com.netflix.discovery.DiscoveryClient    : Force full registry fetch : false
2022-10-13 01:44:22.049  INFO 39156 --- [restartedMain] com.netflix.discovery.DiscoveryClient    : Application is null : false
2022-10-13 01:44:22.049  INFO 39156 --- [restartedMain] com.netflix.discovery.DiscoveryClient    : Registered Applications size is zero : true
2022-10-13 01:44:22.049  INFO 39156 --- [restartedMain] com.netflix.discovery.DiscoveryClient    : Application version is -1: true
2022-10-13 01:44:22.049  INFO 39156 --- [restartedMain] com.netflix.discovery.DiscoveryClient    : Getting all instance registry info from the eureka server
2022-10-13 01:44:22.158  INFO 39156 --- [restartedMain] com.netflix.discovery.DiscoveryClient    : The response status is 200
2022-10-13 01:44:22.160  INFO 39156 --- [restartedMain] com.netflix.discovery.DiscoveryClient    : Starting heartbeat executor: renew interval is: 30
2022-10-13 01:44:22.164  INFO 39156 --- [restartedMain] c.n.discovery.InstanceInfoReplicator     : InstanceInfoReplicator onDemand update allowed rate per min is 4
2022-10-13 01:44:22.167  INFO 39156 --- [restartedMain] com.netflix.discovery.DiscoveryClient    : Discovery Client initialized at timestamp 1665621862167 with initial instances count: 0
2022-10-13 01:44:22.172  INFO 39156 --- [restartedMain] o.s.c.n.e.s.EurekaServiceRegistry        : Registering application AUTHENTICATIONSERVICE with eureka with status UP
2022-10-13 01:44:22.173  INFO 39156 --- [restartedMain] com.netflix.discovery.DiscoveryClient    : Saw local status change event StatusChangeEvent [timestamp=1665621862173, current=UP, previous=STARTING]
2022-10-13 01:44:22.175  INFO 39156 --- [DiscoveryClient-InstanceInfoReplicator-0] com.netflix.discovery.DiscoveryClient    : DiscoveryClient_AUTHENTICATIONSERVICE/host.docker.internal:authenticationservice:8082: registering service...
2022-10-13 01:44:22.202  INFO 39156 --- [restartedMain] o.s.b.w.embedded.tomcat.TomcatWebServer  : Tomcat started on port(s): 8082 (http) with context path ''
2022-10-13 01:44:22.203  INFO 39156 --- [restartedMain] .s.c.n.e.s.EurekaAutoServiceRegistration : Updating port to 8082
2022-10-13 01:44:22.264  INFO 39156 --- [DiscoveryClient-InstanceInfoReplicator-0] com.netflix.discovery.DiscoveryClient    : DiscoveryClient_AUTHENTICATIONSERVICE/host.docker.internal:authenticationservice:8082 - registration status: 204
2022-10-13 01:44:23.234  INFO 39156 --- [restartedMain] c.e.a.AuthenticationServiceApplication   : Started AuthenticationServiceApplication in 8.613 seconds (JVM running for 9.773)
2022-10-13 01:44:52.166  INFO 39156 --- [DiscoveryClient-CacheRefreshExecutor-0] com.netflix.discovery.DiscoveryClient    : Disable delta property : false
2022-10-13 01:44:52.167  INFO 39156 --- [DiscoveryClient-CacheRefreshExecutor-0] com.netflix.discovery.DiscoveryClient    : Single vip registry refresh property : null
2022-10-13 01:44:52.168  INFO 39156 --- [DiscoveryClient-CacheRefreshExecutor-0] com.netflix.discovery.DiscoveryClient    : Force full registry fetch : false
2022-10-13 01:44:52.168  INFO 39156 --- [DiscoveryClient-CacheRefreshExecutor-0] com.netflix.discovery.DiscoveryClient    : Application is null : false
2022-10-13 01:44:52.169  INFO 39156 --- [DiscoveryClient-CacheRefreshExecutor-0] com.netflix.discovery.DiscoveryClient    : Registered Applications size is zero : true
2022-10-13 01:44:52.169  INFO 39156 --- [DiscoveryClient-CacheRefreshExecutor-0] com.netflix.discovery.DiscoveryClient    : Application version is -1: false
2022-10-13 01:44:52.170  INFO 39156 --- [DiscoveryClient-CacheRefreshExecutor-0] com.netflix.discovery.DiscoveryClient    : Getting all instance registry info from the eureka server
2022-10-13 01:44:52.259  INFO 39156 --- [DiscoveryClient-CacheRefreshExecutor-0] com.netflix.discovery.DiscoveryClient    : The response status is 200
2022-10-13 01:46:29.302  INFO 39156 --- [SpringApplicationShutdownHook] o.s.c.n.e.s.EurekaServiceRegistry        : Unregistering application AUTHENTICATIONSERVICE with eureka with status DOWN
2022-10-13 01:46:29.302  INFO 39156 --- [SpringApplicationShutdownHook] com.netflix.discovery.DiscoveryClient    : Saw local status change event StatusChangeEvent [timestamp=1665621989302, current=DOWN, previous=UP]
2022-10-13 01:46:29.302  INFO 39156 --- [DiscoveryClient-InstanceInfoReplicator-0] com.netflix.discovery.DiscoveryClient    : DiscoveryClient_AUTHENTICATIONSERVICE/host.docker.internal:authenticationservice:8082: registering service...
2022-10-13 01:46:29.317  INFO 39156 --- [DiscoveryClient-InstanceInfoReplicator-0] com.netflix.discovery.DiscoveryClient    : DiscoveryClient_AUTHENTICATIONSERVICE/host.docker.internal:authenticationservice:8082 - registration status: 204
2022-10-13 01:46:29.866  INFO 39156 --- [SpringApplicationShutdownHook] j.LocalContainerEntityManagerFactoryBean : Closing JPA EntityManagerFactory for persistence unit 'default'
2022-10-13 01:46:29.869  INFO 39156 --- [SpringApplicationShutdownHook] com.zaxxer.hikari.HikariDataSource       : HikariPool-1 - Shutdown initiated...
2022-10-13 01:46:29.876  INFO 39156 --- [SpringApplicationShutdownHook] com.zaxxer.hikari.HikariDataSource       : HikariPool-1 - Shutdown completed.
2022-10-13 01:46:29.876  INFO 39156 --- [SpringApplicationShutdownHook] com.netflix.discovery.DiscoveryClient    : Shutting down DiscoveryClient ...
2022-10-13 01:46:32.896  INFO 39156 --- [SpringApplicationShutdownHook] com.netflix.discovery.DiscoveryClient    : Unregistering ...
2022-10-13 01:46:32.918  INFO 39156 --- [SpringApplicationShutdownHook] com.netflix.discovery.DiscoveryClient    : DiscoveryClient_AUTHENTICATIONSERVICE/host.docker.internal:authenticationservice:8082 - deregister  status: 200
2022-10-13 01:46:32.950  INFO 39156 --- [SpringApplicationShutdownHook] com.netflix.discovery.DiscoveryClient    : Completed shut down of DiscoveryClient
2022-10-13 01:50:55.027  INFO 37904 --- [restartedMain] c.e.a.AuthenticationServiceApplication   : Starting AuthenticationServiceApplication using Java 1.8.0_60 on LAPTOP-VDKLVIKF with PID 37904 (C:\Users\speak\Microservices\AuthenticationService\target\classes started by speak in C:\Users\speak\Microservices\AuthenticationService)
2022-10-13 01:50:55.028 DEBUG 37904 --- [restartedMain] c.e.a.AuthenticationServiceApplication   : Running with Spring Boot v2.7.1, Spring v5.3.21
2022-10-13 01:50:55.029  INFO 37904 --- [restartedMain] c.e.a.AuthenticationServiceApplication   : No active profile set, falling back to 1 default profile: "default"
2022-10-13 01:50:55.063  INFO 37904 --- [restartedMain] .e.DevToolsPropertyDefaultsPostProcessor : Devtools property defaults active! Set 'spring.devtools.add-properties' to 'false' to disable
2022-10-13 01:50:55.063  INFO 37904 --- [restartedMain] .e.DevToolsPropertyDefaultsPostProcessor : For additional web related logging consider setting the 'logging.level.web' property to 'DEBUG'
2022-10-13 01:50:55.917  INFO 37904 --- [restartedMain] .s.d.r.c.RepositoryConfigurationDelegate : Bootstrapping Spring Data JPA repositories in DEFAULT mode.
2022-10-13 01:50:55.966  INFO 37904 --- [restartedMain] .s.d.r.c.RepositoryConfigurationDelegate : Finished Spring Data repository scanning in 42 ms. Found 1 JPA repository interfaces.
2022-10-13 01:50:56.187  INFO 37904 --- [restartedMain] o.s.cloud.context.scope.GenericScope     : BeanFactory id=c38a5db9-0a1b-3b30-9dda-bf2c629b69b6
2022-10-13 01:50:56.798  INFO 37904 --- [restartedMain] o.s.b.w.embedded.tomcat.TomcatWebServer  : Tomcat initialized with port(s): 8082 (http)
2022-10-13 01:50:56.804  INFO 37904 --- [restartedMain] o.apache.catalina.core.StandardService   : Starting service [Tomcat]
2022-10-13 01:50:56.805  INFO 37904 --- [restartedMain] org.apache.catalina.core.StandardEngine  : Starting Servlet engine: [Apache Tomcat/9.0.64]
2022-10-13 01:50:56.905  INFO 37904 --- [restartedMain] o.a.c.c.C.[Tomcat].[localhost].[/]       : Initializing Spring embedded WebApplicationContext
2022-10-13 01:50:56.906  INFO 37904 --- [restartedMain] w.s.c.ServletWebServerApplicationContext : Root WebApplicationContext: initialization completed in 1842 ms
2022-10-13 01:50:57.143  INFO 37904 --- [restartedMain] o.hibernate.jpa.internal.util.LogHelper  : HHH000204: Processing PersistenceUnitInfo [name: default]
2022-10-13 01:50:57.186  INFO 37904 --- [restartedMain] org.hibernate.Version                    : HHH000412: Hibernate ORM core version 5.6.9.Final
2022-10-13 01:50:57.297  INFO 37904 --- [restartedMain] o.hibernate.annotations.common.Version   : HCANN000001: Hibernate Commons Annotations {5.1.2.Final}
2022-10-13 01:50:57.372  INFO 37904 --- [restartedMain] com.zaxxer.hikari.HikariDataSource       : HikariPool-1 - Starting...
2022-10-13 01:50:57.550  INFO 37904 --- [restartedMain] com.zaxxer.hikari.HikariDataSource       : HikariPool-1 - Start completed.
2022-10-13 01:50:57.562  INFO 37904 --- [restartedMain] org.hibernate.dialect.Dialect            : HHH000400: Using dialect: org.hibernate.dialect.SQLServer2012Dialect
2022-10-13 01:50:58.093  INFO 37904 --- [restartedMain] o.h.e.t.j.p.i.JtaPlatformInitiator       : HHH000490: Using JtaPlatform implementation: [org.hibernate.engine.transaction.jta.platform.internal.NoJtaPlatform]
2022-10-13 01:50:58.100  INFO 37904 --- [restartedMain] j.LocalContainerEntityManagerFactoryBean : Initialized JPA EntityManagerFactory for persistence unit 'default'
2022-10-13 01:50:58.358 DEBUG 37904 --- [restartedMain] c.e.a.config.JwtRequestFilter            : Filter 'jwtRequestFilter' configured for use
2022-10-13 01:50:58.390  WARN 37904 --- [restartedMain] JpaBaseConfiguration$JpaWebConfiguration : spring.jpa.open-in-view is enabled by default. Therefore, database queries may be performed during view rendering. Explicitly configure spring.jpa.open-in-view to disable this warning
2022-10-13 01:50:58.825  INFO 37904 --- [restartedMain] o.s.b.d.a.OptionalLiveReloadServer       : LiveReload server is running on port 35729
2022-10-13 01:50:58.953  WARN 37904 --- [restartedMain] o.s.s.c.a.web.builders.WebSecurity       : You are asking Spring Security to ignore Ant [pattern='/v2/api-docs']. This is not recommended -- please use permitAll via HttpSecurity#authorizeHttpRequests instead.
2022-10-13 01:50:58.954  INFO 37904 --- [restartedMain] o.s.s.web.DefaultSecurityFilterChain     : Will not secure Ant [pattern='/v2/api-docs']
2022-10-13 01:50:58.954  WARN 37904 --- [restartedMain] o.s.s.c.a.web.builders.WebSecurity       : You are asking Spring Security to ignore Ant [pattern='/swagger-resources']. This is not recommended -- please use permitAll via HttpSecurity#authorizeHttpRequests instead.
2022-10-13 01:50:58.954  INFO 37904 --- [restartedMain] o.s.s.web.DefaultSecurityFilterChain     : Will not secure Ant [pattern='/swagger-resources']
2022-10-13 01:50:58.954  WARN 37904 --- [restartedMain] o.s.s.c.a.web.builders.WebSecurity       : You are asking Spring Security to ignore Ant [pattern='/swagger-resources/**']. This is not recommended -- please use permitAll via HttpSecurity#authorizeHttpRequests instead.
2022-10-13 01:50:58.955  INFO 37904 --- [restartedMain] o.s.s.web.DefaultSecurityFilterChain     : Will not secure Ant [pattern='/swagger-resources/**']
2022-10-13 01:50:58.955  WARN 37904 --- [restartedMain] o.s.s.c.a.web.builders.WebSecurity       : You are asking Spring Security to ignore Ant [pattern='/configuration/ui']. This is not recommended -- please use permitAll via HttpSecurity#authorizeHttpRequests instead.
2022-10-13 01:50:58.955  INFO 37904 --- [restartedMain] o.s.s.web.DefaultSecurityFilterChain     : Will not secure Ant [pattern='/configuration/ui']
2022-10-13 01:50:58.955  WARN 37904 --- [restartedMain] o.s.s.c.a.web.builders.WebSecurity       : You are asking Spring Security to ignore Ant [pattern='/configuration/security']. This is not recommended -- please use permitAll via HttpSecurity#authorizeHttpRequests instead.
2022-10-13 01:50:58.955  INFO 37904 --- [restartedMain] o.s.s.web.DefaultSecurityFilterChain     : Will not secure Ant [pattern='/configuration/security']
2022-10-13 01:50:58.955  WARN 37904 --- [restartedMain] o.s.s.c.a.web.builders.WebSecurity       : You are asking Spring Security to ignore Ant [pattern='/swagger-ui.html']. This is not recommended -- please use permitAll via HttpSecurity#authorizeHttpRequests instead.
2022-10-13 01:50:58.955  INFO 37904 --- [restartedMain] o.s.s.web.DefaultSecurityFilterChain     : Will not secure Ant [pattern='/swagger-ui.html']
2022-10-13 01:50:58.955  WARN 37904 --- [restartedMain] o.s.s.c.a.web.builders.WebSecurity       : You are asking Spring Security to ignore Ant [pattern='/webjars/**']. This is not recommended -- please use permitAll via HttpSecurity#authorizeHttpRequests instead.
2022-10-13 01:50:58.955  INFO 37904 --- [restartedMain] o.s.s.web.DefaultSecurityFilterChain     : Will not secure Ant [pattern='/webjars/**']
2022-10-13 01:50:58.955  WARN 37904 --- [restartedMain] o.s.s.c.a.web.builders.WebSecurity       : You are asking Spring Security to ignore Ant [pattern='/v3/api-docs/**']. This is not recommended -- please use permitAll via HttpSecurity#authorizeHttpRequests instead.
2022-10-13 01:50:58.955  INFO 37904 --- [restartedMain] o.s.s.web.DefaultSecurityFilterChain     : Will not secure Ant [pattern='/v3/api-docs/**']
2022-10-13 01:50:58.955  WARN 37904 --- [restartedMain] o.s.s.c.a.web.builders.WebSecurity       : You are asking Spring Security to ignore Ant [pattern='/swagger-ui/**']. This is not recommended -- please use permitAll via HttpSecurity#authorizeHttpRequests instead.
2022-10-13 01:50:58.956  INFO 37904 --- [restartedMain] o.s.s.web.DefaultSecurityFilterChain     : Will not secure Ant [pattern='/swagger-ui/**']
2022-10-13 01:50:59.173  INFO 37904 --- [restartedMain] o.s.s.web.DefaultSecurityFilterChain     : Will secure any request with [org.springframework.security.web.session.DisableEncodeUrlFilter@a4ade51, org.springframework.security.web.context.request.async.WebAsyncManagerIntegrationFilter@224a17fa, org.springframework.security.web.context.SecurityContextPersistenceFilter@6bddbe71, org.springframework.security.web.header.HeaderWriterFilter@7c1982d7, org.springframework.web.filter.CorsFilter@1c0d43d9, org.springframework.security.web.authentication.logout.LogoutFilter@46668ad7, com.example.authenticationservice.config.JwtRequestFilter@3687e528, org.springframework.security.web.savedrequest.RequestCacheAwareFilter@16b74195, org.springframework.security.web.servletapi.SecurityContextHolderAwareRequestFilter@293749eb, org.springframework.security.web.authentication.AnonymousAuthenticationFilter@10c8889, org.springframework.security.web.session.SessionManagementFilter@31886753, org.springframework.security.web.access.ExceptionTranslationFilter@49ce9d41, org.springframework.security.web.access.intercept.FilterSecurityInterceptor@1ef0f1b7]
2022-10-13 01:51:00.218  INFO 37904 --- [restartedMain] DiscoveryClientOptionalArgsConfiguration : Eureka HTTP Client uses Jersey
2022-10-13 01:51:01.047  WARN 37904 --- [restartedMain] iguration$LoadBalancerCaffeineWarnLogger : Spring Cloud LoadBalancer is currently working with the default cache. While this cache implementation is useful for development and tests, it's recommended to use Caffeine cache in production.You can switch to using Caffeine cache, by adding it and org.springframework.cache.caffeine.CaffeineCacheManager to the classpath.
2022-10-13 01:51:01.112  INFO 37904 --- [restartedMain] o.s.c.n.eureka.InstanceInfoFactory       : Setting initial instance status as: STARTING
2022-10-13 01:51:01.140  INFO 37904 --- [restartedMain] com.netflix.discovery.DiscoveryClient    : Initializing Eureka in region us-east-1
2022-10-13 01:51:01.205  INFO 37904 --- [restartedMain] c.n.d.provider.DiscoveryJerseyProvider   : Using JSON encoding codec LegacyJacksonJson
2022-10-13 01:51:01.205  INFO 37904 --- [restartedMain] c.n.d.provider.DiscoveryJerseyProvider   : Using JSON decoding codec LegacyJacksonJson
2022-10-13 01:51:01.292  INFO 37904 --- [restartedMain] c.n.d.provider.DiscoveryJerseyProvider   : Using XML encoding codec XStreamXml
2022-10-13 01:51:01.292  INFO 37904 --- [restartedMain] c.n.d.provider.DiscoveryJerseyProvider   : Using XML decoding codec XStreamXml
2022-10-13 01:51:01.426  INFO 37904 --- [restartedMain] c.n.d.s.r.aws.ConfigClusterResolver      : Resolving eureka endpoints via configuration
2022-10-13 01:51:01.439  INFO 37904 --- [restartedMain] com.netflix.discovery.DiscoveryClient    : Disable delta property : false
2022-10-13 01:51:01.439  INFO 37904 --- [restartedMain] com.netflix.discovery.DiscoveryClient    : Single vip registry refresh property : null
2022-10-13 01:51:01.439  INFO 37904 --- [restartedMain] com.netflix.discovery.DiscoveryClient    : Force full registry fetch : false
2022-10-13 01:51:01.439  INFO 37904 --- [restartedMain] com.netflix.discovery.DiscoveryClient    : Application is null : false
2022-10-13 01:51:01.439  INFO 37904 --- [restartedMain] com.netflix.discovery.DiscoveryClient    : Registered Applications size is zero : true
2022-10-13 01:51:01.439  INFO 37904 --- [restartedMain] com.netflix.discovery.DiscoveryClient    : Application version is -1: true
2022-10-13 01:51:01.439  INFO 37904 --- [restartedMain] com.netflix.discovery.DiscoveryClient    : Getting all instance registry info from the eureka server
2022-10-13 01:51:01.657  INFO 37904 --- [restartedMain] com.netflix.discovery.DiscoveryClient    : The response status is 200
2022-10-13 01:51:01.659  INFO 37904 --- [restartedMain] com.netflix.discovery.DiscoveryClient    : Starting heartbeat executor: renew interval is: 30
2022-10-13 01:51:01.661  INFO 37904 --- [restartedMain] c.n.discovery.InstanceInfoReplicator     : InstanceInfoReplicator onDemand update allowed rate per min is 4
2022-10-13 01:51:01.666  INFO 37904 --- [restartedMain] com.netflix.discovery.DiscoveryClient    : Discovery Client initialized at timestamp 1665622261665 with initial instances count: 0
2022-10-13 01:51:01.670  INFO 37904 --- [restartedMain] o.s.c.n.e.s.EurekaServiceRegistry        : Registering application AUTHENTICATIONSERVICE with eureka with status UP
2022-10-13 01:51:01.671  INFO 37904 --- [restartedMain] com.netflix.discovery.DiscoveryClient    : Saw local status change event StatusChangeEvent [timestamp=1665622261671, current=UP, previous=STARTING]
2022-10-13 01:51:01.673  INFO 37904 --- [DiscoveryClient-InstanceInfoReplicator-0] com.netflix.discovery.DiscoveryClient    : DiscoveryClient_AUTHENTICATIONSERVICE/host.docker.internal:authenticationservice:8082: registering service...
2022-10-13 01:51:01.697  INFO 37904 --- [restartedMain] o.s.b.w.embedded.tomcat.TomcatWebServer  : Tomcat started on port(s): 8082 (http) with context path ''
2022-10-13 01:51:01.698  INFO 37904 --- [restartedMain] .s.c.n.e.s.EurekaAutoServiceRegistration : Updating port to 8082
2022-10-13 01:51:01.847  INFO 37904 --- [DiscoveryClient-InstanceInfoReplicator-0] com.netflix.discovery.DiscoveryClient    : DiscoveryClient_AUTHENTICATIONSERVICE/host.docker.internal:authenticationservice:8082 - registration status: 204
2022-10-13 01:51:02.708  INFO 37904 --- [restartedMain] c.e.a.AuthenticationServiceApplication   : Started AuthenticationServiceApplication in 8.891 seconds (JVM running for 10.287)
2022-10-13 01:51:31.665  INFO 37904 --- [DiscoveryClient-CacheRefreshExecutor-0] com.netflix.discovery.DiscoveryClient    : Disable delta property : false
2022-10-13 01:51:31.666  INFO 37904 --- [DiscoveryClient-CacheRefreshExecutor-0] com.netflix.discovery.DiscoveryClient    : Single vip registry refresh property : null
2022-10-13 01:51:31.666  INFO 37904 --- [DiscoveryClient-CacheRefreshExecutor-0] com.netflix.discovery.DiscoveryClient    : Force full registry fetch : false
2022-10-13 01:51:31.667  INFO 37904 --- [DiscoveryClient-CacheRefreshExecutor-0] com.netflix.discovery.DiscoveryClient    : Application is null : false
2022-10-13 01:51:31.667  INFO 37904 --- [DiscoveryClient-CacheRefreshExecutor-0] com.netflix.discovery.DiscoveryClient    : Registered Applications size is zero : true
2022-10-13 01:51:31.667  INFO 37904 --- [DiscoveryClient-CacheRefreshExecutor-0] com.netflix.discovery.DiscoveryClient    : Application version is -1: false
2022-10-13 01:51:31.668  INFO 37904 --- [DiscoveryClient-CacheRefreshExecutor-0] com.netflix.discovery.DiscoveryClient    : Getting all instance registry info from the eureka server
2022-10-13 01:51:31.755  INFO 37904 --- [DiscoveryClient-CacheRefreshExecutor-0] com.netflix.discovery.DiscoveryClient    : The response status is 200
2022-10-13 01:52:14.787  INFO 37904 --- [SpringApplicationShutdownHook] o.s.c.n.e.s.EurekaServiceRegistry        : Unregistering application AUTHENTICATIONSERVICE with eureka with status DOWN
2022-10-13 01:52:14.787  INFO 37904 --- [SpringApplicationShutdownHook] com.netflix.discovery.DiscoveryClient    : Saw local status change event StatusChangeEvent [timestamp=1665622334787, current=DOWN, previous=UP]
2022-10-13 01:52:14.787  INFO 37904 --- [DiscoveryClient-InstanceInfoReplicator-0] com.netflix.discovery.DiscoveryClient    : DiscoveryClient_AUTHENTICATIONSERVICE/host.docker.internal:authenticationservice:8082: registering service...
2022-10-13 01:52:14.804  INFO 37904 --- [DiscoveryClient-InstanceInfoReplicator-0] com.netflix.discovery.DiscoveryClient    : DiscoveryClient_AUTHENTICATIONSERVICE/host.docker.internal:authenticationservice:8082 - registration status: 204
2022-10-13 01:52:15.328  INFO 37904 --- [SpringApplicationShutdownHook] j.LocalContainerEntityManagerFactoryBean : Closing JPA EntityManagerFactory for persistence unit 'default'
2022-10-13 01:52:15.331  INFO 37904 --- [SpringApplicationShutdownHook] com.zaxxer.hikari.HikariDataSource       : HikariPool-1 - Shutdown initiated...
2022-10-13 01:52:15.339  INFO 37904 --- [SpringApplicationShutdownHook] com.zaxxer.hikari.HikariDataSource       : HikariPool-1 - Shutdown completed.
2022-10-13 01:52:15.340  INFO 37904 --- [SpringApplicationShutdownHook] com.netflix.discovery.DiscoveryClient    : Shutting down DiscoveryClient ...
2022-10-13 01:52:18.345  INFO 37904 --- [SpringApplicationShutdownHook] com.netflix.discovery.DiscoveryClient    : Unregistering ...
2022-10-13 01:52:18.367  INFO 37904 --- [SpringApplicationShutdownHook] com.netflix.discovery.DiscoveryClient    : DiscoveryClient_AUTHENTICATIONSERVICE/host.docker.internal:authenticationservice:8082 - deregister  status: 200
2022-10-13 01:52:18.382  INFO 37904 --- [SpringApplicationShutdownHook] com.netflix.discovery.DiscoveryClient    : Completed shut down of DiscoveryClient
2022-10-13 01:52:24.359  INFO 22020 --- [restartedMain] c.e.a.AuthenticationServiceApplication   : Starting AuthenticationServiceApplication using Java 1.8.0_60 on LAPTOP-VDKLVIKF with PID 22020 (C:\Users\speak\Microservices\AuthenticationService\target\classes started by speak in C:\Users\speak\Microservices\AuthenticationService)
2022-10-13 01:52:24.360 DEBUG 22020 --- [restartedMain] c.e.a.AuthenticationServiceApplication   : Running with Spring Boot v2.7.1, Spring v5.3.21
2022-10-13 01:52:24.360  INFO 22020 --- [restartedMain] c.e.a.AuthenticationServiceApplication   : No active profile set, falling back to 1 default profile: "default"
2022-10-13 01:52:24.395  INFO 22020 --- [restartedMain] .e.DevToolsPropertyDefaultsPostProcessor : Devtools property defaults active! Set 'spring.devtools.add-properties' to 'false' to disable
2022-10-13 01:52:24.395  INFO 22020 --- [restartedMain] .e.DevToolsPropertyDefaultsPostProcessor : For additional web related logging consider setting the 'logging.level.web' property to 'DEBUG'
2022-10-13 01:52:25.196  INFO 22020 --- [restartedMain] .s.d.r.c.RepositoryConfigurationDelegate : Bootstrapping Spring Data JPA repositories in DEFAULT mode.
2022-10-13 01:52:25.248  INFO 22020 --- [restartedMain] .s.d.r.c.RepositoryConfigurationDelegate : Finished Spring Data repository scanning in 45 ms. Found 1 JPA repository interfaces.
2022-10-13 01:52:25.476  INFO 22020 --- [restartedMain] o.s.cloud.context.scope.GenericScope     : BeanFactory id=c38a5db9-0a1b-3b30-9dda-bf2c629b69b6
2022-10-13 01:52:26.046  INFO 22020 --- [restartedMain] o.s.b.w.embedded.tomcat.TomcatWebServer  : Tomcat initialized with port(s): 8082 (http)
2022-10-13 01:52:26.053  INFO 22020 --- [restartedMain] o.apache.catalina.core.StandardService   : Starting service [Tomcat]
2022-10-13 01:52:26.053  INFO 22020 --- [restartedMain] org.apache.catalina.core.StandardEngine  : Starting Servlet engine: [Apache Tomcat/9.0.64]
2022-10-13 01:52:26.155  INFO 22020 --- [restartedMain] o.a.c.c.C.[Tomcat].[localhost].[/]       : Initializing Spring embedded WebApplicationContext
2022-10-13 01:52:26.155  INFO 22020 --- [restartedMain] w.s.c.ServletWebServerApplicationContext : Root WebApplicationContext: initialization completed in 1759 ms
2022-10-13 01:52:26.403  INFO 22020 --- [restartedMain] o.hibernate.jpa.internal.util.LogHelper  : HHH000204: Processing PersistenceUnitInfo [name: default]
2022-10-13 01:52:26.439  INFO 22020 --- [restartedMain] org.hibernate.Version                    : HHH000412: Hibernate ORM core version 5.6.9.Final
2022-10-13 01:52:26.545  INFO 22020 --- [restartedMain] o.hibernate.annotations.common.Version   : HCANN000001: Hibernate Commons Annotations {5.1.2.Final}
2022-10-13 01:52:26.635  INFO 22020 --- [restartedMain] com.zaxxer.hikari.HikariDataSource       : HikariPool-1 - Starting...
2022-10-13 01:52:26.821  INFO 22020 --- [restartedMain] com.zaxxer.hikari.HikariDataSource       : HikariPool-1 - Start completed.
2022-10-13 01:52:26.834  INFO 22020 --- [restartedMain] org.hibernate.dialect.Dialect            : HHH000400: Using dialect: org.hibernate.dialect.SQLServer2012Dialect
2022-10-13 01:52:27.338  INFO 22020 --- [restartedMain] o.h.e.t.j.p.i.JtaPlatformInitiator       : HHH000490: Using JtaPlatform implementation: [org.hibernate.engine.transaction.jta.platform.internal.NoJtaPlatform]
2022-10-13 01:52:27.345  INFO 22020 --- [restartedMain] j.LocalContainerEntityManagerFactoryBean : Initialized JPA EntityManagerFactory for persistence unit 'default'
2022-10-13 01:52:27.592 DEBUG 22020 --- [restartedMain] c.e.a.config.JwtRequestFilter            : Filter 'jwtRequestFilter' configured for use
2022-10-13 01:52:27.625  WARN 22020 --- [restartedMain] JpaBaseConfiguration$JpaWebConfiguration : spring.jpa.open-in-view is enabled by default. Therefore, database queries may be performed during view rendering. Explicitly configure spring.jpa.open-in-view to disable this warning
2022-10-13 01:52:28.034  INFO 22020 --- [restartedMain] o.s.b.d.a.OptionalLiveReloadServer       : LiveReload server is running on port 35729
2022-10-13 01:52:28.156  WARN 22020 --- [restartedMain] o.s.s.c.a.web.builders.WebSecurity       : You are asking Spring Security to ignore Ant [pattern='/v2/api-docs']. This is not recommended -- please use permitAll via HttpSecurity#authorizeHttpRequests instead.
2022-10-13 01:52:28.156  INFO 22020 --- [restartedMain] o.s.s.web.DefaultSecurityFilterChain     : Will not secure Ant [pattern='/v2/api-docs']
2022-10-13 01:52:28.156  WARN 22020 --- [restartedMain] o.s.s.c.a.web.builders.WebSecurity       : You are asking Spring Security to ignore Ant [pattern='/swagger-resources']. This is not recommended -- please use permitAll via HttpSecurity#authorizeHttpRequests instead.
2022-10-13 01:52:28.156  INFO 22020 --- [restartedMain] o.s.s.web.DefaultSecurityFilterChain     : Will not secure Ant [pattern='/swagger-resources']
2022-10-13 01:52:28.157  WARN 22020 --- [restartedMain] o.s.s.c.a.web.builders.WebSecurity       : You are asking Spring Security to ignore Ant [pattern='/swagger-resources/**']. This is not recommended -- please use permitAll via HttpSecurity#authorizeHttpRequests instead.
2022-10-13 01:52:28.157  INFO 22020 --- [restartedMain] o.s.s.web.DefaultSecurityFilterChain     : Will not secure Ant [pattern='/swagger-resources/**']
2022-10-13 01:52:28.157  WARN 22020 --- [restartedMain] o.s.s.c.a.web.builders.WebSecurity       : You are asking Spring Security to ignore Ant [pattern='/configuration/ui']. This is not recommended -- please use permitAll via HttpSecurity#authorizeHttpRequests instead.
2022-10-13 01:52:28.157  INFO 22020 --- [restartedMain] o.s.s.web.DefaultSecurityFilterChain     : Will not secure Ant [pattern='/configuration/ui']
2022-10-13 01:52:28.157  WARN 22020 --- [restartedMain] o.s.s.c.a.web.builders.WebSecurity       : You are asking Spring Security to ignore Ant [pattern='/configuration/security']. This is not recommended -- please use permitAll via HttpSecurity#authorizeHttpRequests instead.
2022-10-13 01:52:28.157  INFO 22020 --- [restartedMain] o.s.s.web.DefaultSecurityFilterChain     : Will not secure Ant [pattern='/configuration/security']
2022-10-13 01:52:28.157  WARN 22020 --- [restartedMain] o.s.s.c.a.web.builders.WebSecurity       : You are asking Spring Security to ignore Ant [pattern='/swagger-ui.html']. This is not recommended -- please use permitAll via HttpSecurity#authorizeHttpRequests instead.
2022-10-13 01:52:28.157  INFO 22020 --- [restartedMain] o.s.s.web.DefaultSecurityFilterChain     : Will not secure Ant [pattern='/swagger-ui.html']
2022-10-13 01:52:28.157  WARN 22020 --- [restartedMain] o.s.s.c.a.web.builders.WebSecurity       : You are asking Spring Security to ignore Ant [pattern='/webjars/**']. This is not recommended -- please use permitAll via HttpSecurity#authorizeHttpRequests instead.
2022-10-13 01:52:28.157  INFO 22020 --- [restartedMain] o.s.s.web.DefaultSecurityFilterChain     : Will not secure Ant [pattern='/webjars/**']
2022-10-13 01:52:28.158  WARN 22020 --- [restartedMain] o.s.s.c.a.web.builders.WebSecurity       : You are asking Spring Security to ignore Ant [pattern='/v3/api-docs/**']. This is not recommended -- please use permitAll via HttpSecurity#authorizeHttpRequests instead.
2022-10-13 01:52:28.158  INFO 22020 --- [restartedMain] o.s.s.web.DefaultSecurityFilterChain     : Will not secure Ant [pattern='/v3/api-docs/**']
2022-10-13 01:52:28.158  WARN 22020 --- [restartedMain] o.s.s.c.a.web.builders.WebSecurity       : You are asking Spring Security to ignore Ant [pattern='/swagger-ui/**']. This is not recommended -- please use permitAll via HttpSecurity#authorizeHttpRequests instead.
2022-10-13 01:52:28.158  INFO 22020 --- [restartedMain] o.s.s.web.DefaultSecurityFilterChain     : Will not secure Ant [pattern='/swagger-ui/**']
2022-10-13 01:52:28.372  INFO 22020 --- [restartedMain] o.s.s.web.DefaultSecurityFilterChain     : Will secure any request with [org.springframework.security.web.session.DisableEncodeUrlFilter@23804781, org.springframework.security.web.context.request.async.WebAsyncManagerIntegrationFilter@4188c040, org.springframework.security.web.context.SecurityContextPersistenceFilter@3e61beb0, org.springframework.security.web.header.HeaderWriterFilter@33cb8341, org.springframework.web.filter.CorsFilter@776ea235, org.springframework.security.web.authentication.logout.LogoutFilter@52e16899, com.example.authenticationservice.config.JwtRequestFilter@4a19f439, org.springframework.security.web.savedrequest.RequestCacheAwareFilter@517aad7e, org.springframework.security.web.servletapi.SecurityContextHolderAwareRequestFilter@26a5d8ed, org.springframework.security.web.authentication.AnonymousAuthenticationFilter@2dca8cce, org.springframework.security.web.session.SessionManagementFilter@6654a4be, org.springframework.security.web.access.ExceptionTranslationFilter@25b7eb12, org.springframework.security.web.access.intercept.FilterSecurityInterceptor@b644c08]
2022-10-13 01:52:29.313  INFO 22020 --- [restartedMain] DiscoveryClientOptionalArgsConfiguration : Eureka HTTP Client uses Jersey
2022-10-13 01:52:30.158  WARN 22020 --- [restartedMain] iguration$LoadBalancerCaffeineWarnLogger : Spring Cloud LoadBalancer is currently working with the default cache. While this cache implementation is useful for development and tests, it's recommended to use Caffeine cache in production.You can switch to using Caffeine cache, by adding it and org.springframework.cache.caffeine.CaffeineCacheManager to the classpath.
2022-10-13 01:52:30.223  INFO 22020 --- [restartedMain] o.s.c.n.eureka.InstanceInfoFactory       : Setting initial instance status as: STARTING
2022-10-13 01:52:30.252  INFO 22020 --- [restartedMain] com.netflix.discovery.DiscoveryClient    : Initializing Eureka in region us-east-1
2022-10-13 01:52:30.318  INFO 22020 --- [restartedMain] c.n.d.provider.DiscoveryJerseyProvider   : Using JSON encoding codec LegacyJacksonJson
2022-10-13 01:52:30.318  INFO 22020 --- [restartedMain] c.n.d.provider.DiscoveryJerseyProvider   : Using JSON decoding codec LegacyJacksonJson
2022-10-13 01:52:30.406  INFO 22020 --- [restartedMain] c.n.d.provider.DiscoveryJerseyProvider   : Using XML encoding codec XStreamXml
2022-10-13 01:52:30.407  INFO 22020 --- [restartedMain] c.n.d.provider.DiscoveryJerseyProvider   : Using XML decoding codec XStreamXml
2022-10-13 01:52:30.558  INFO 22020 --- [restartedMain] c.n.d.s.r.aws.ConfigClusterResolver      : Resolving eureka endpoints via configuration
2022-10-13 01:52:30.571  INFO 22020 --- [restartedMain] com.netflix.discovery.DiscoveryClient    : Disable delta property : false
2022-10-13 01:52:30.571  INFO 22020 --- [restartedMain] com.netflix.discovery.DiscoveryClient    : Single vip registry refresh property : null
2022-10-13 01:52:30.571  INFO 22020 --- [restartedMain] com.netflix.discovery.DiscoveryClient    : Force full registry fetch : false
2022-10-13 01:52:30.571  INFO 22020 --- [restartedMain] com.netflix.discovery.DiscoveryClient    : Application is null : false
2022-10-13 01:52:30.571  INFO 22020 --- [restartedMain] com.netflix.discovery.DiscoveryClient    : Registered Applications size is zero : true
2022-10-13 01:52:30.571  INFO 22020 --- [restartedMain] com.netflix.discovery.DiscoveryClient    : Application version is -1: true
2022-10-13 01:52:30.571  INFO 22020 --- [restartedMain] com.netflix.discovery.DiscoveryClient    : Getting all instance registry info from the eureka server
2022-10-13 01:52:30.663  INFO 22020 --- [restartedMain] com.netflix.discovery.DiscoveryClient    : The response status is 200
2022-10-13 01:52:30.665  INFO 22020 --- [restartedMain] com.netflix.discovery.DiscoveryClient    : Starting heartbeat executor: renew interval is: 30
2022-10-13 01:52:30.668  INFO 22020 --- [restartedMain] c.n.discovery.InstanceInfoReplicator     : InstanceInfoReplicator onDemand update allowed rate per min is 4
2022-10-13 01:52:30.672  INFO 22020 --- [restartedMain] com.netflix.discovery.DiscoveryClient    : Discovery Client initialized at timestamp 1665622350671 with initial instances count: 0
2022-10-13 01:52:30.676  INFO 22020 --- [restartedMain] o.s.c.n.e.s.EurekaServiceRegistry        : Registering application AUTHENTICATIONSERVICE with eureka with status UP
2022-10-13 01:52:30.677  INFO 22020 --- [restartedMain] com.netflix.discovery.DiscoveryClient    : Saw local status change event StatusChangeEvent [timestamp=1665622350677, current=UP, previous=STARTING]
2022-10-13 01:52:30.679  INFO 22020 --- [DiscoveryClient-InstanceInfoReplicator-0] com.netflix.discovery.DiscoveryClient    : DiscoveryClient_AUTHENTICATIONSERVICE/host.docker.internal:authenticationservice:8082: registering service...
2022-10-13 01:52:30.708  INFO 22020 --- [restartedMain] o.s.b.w.embedded.tomcat.TomcatWebServer  : Tomcat started on port(s): 8082 (http) with context path ''
2022-10-13 01:52:30.710  INFO 22020 --- [restartedMain] .s.c.n.e.s.EurekaAutoServiceRegistration : Updating port to 8082
2022-10-13 01:52:30.762  INFO 22020 --- [DiscoveryClient-InstanceInfoReplicator-0] com.netflix.discovery.DiscoveryClient    : DiscoveryClient_AUTHENTICATIONSERVICE/host.docker.internal:authenticationservice:8082 - registration status: 204
2022-10-13 01:52:31.700  INFO 22020 --- [restartedMain] c.e.a.AuthenticationServiceApplication   : Started AuthenticationServiceApplication in 8.538 seconds (JVM running for 9.824)
2022-10-13 01:53:00.680  INFO 22020 --- [DiscoveryClient-CacheRefreshExecutor-0] com.netflix.discovery.DiscoveryClient    : Disable delta property : false
2022-10-13 01:53:00.681  INFO 22020 --- [DiscoveryClient-CacheRefreshExecutor-0] com.netflix.discovery.DiscoveryClient    : Single vip registry refresh property : null
2022-10-13 01:53:00.681  INFO 22020 --- [DiscoveryClient-CacheRefreshExecutor-0] com.netflix.discovery.DiscoveryClient    : Force full registry fetch : false
2022-10-13 01:53:00.681  INFO 22020 --- [DiscoveryClient-CacheRefreshExecutor-0] com.netflix.discovery.DiscoveryClient    : Application is null : false
2022-10-13 01:53:00.682  INFO 22020 --- [DiscoveryClient-CacheRefreshExecutor-0] com.netflix.discovery.DiscoveryClient    : Registered Applications size is zero : true
2022-10-13 01:53:00.682  INFO 22020 --- [DiscoveryClient-CacheRefreshExecutor-0] com.netflix.discovery.DiscoveryClient    : Application version is -1: false
2022-10-13 01:53:00.683  INFO 22020 --- [DiscoveryClient-CacheRefreshExecutor-0] com.netflix.discovery.DiscoveryClient    : Getting all instance registry info from the eureka server
2022-10-13 01:53:00.775  INFO 22020 --- [DiscoveryClient-CacheRefreshExecutor-0] com.netflix.discovery.DiscoveryClient    : The response status is 200
2022-10-13 01:55:33.462  INFO 22020 --- [SpringApplicationShutdownHook] o.s.c.n.e.s.EurekaServiceRegistry        : Unregistering application AUTHENTICATIONSERVICE with eureka with status DOWN
2022-10-13 01:55:33.462  INFO 22020 --- [SpringApplicationShutdownHook] com.netflix.discovery.DiscoveryClient    : Saw local status change event StatusChangeEvent [timestamp=1665622533462, current=DOWN, previous=UP]
2022-10-13 01:55:33.462  INFO 22020 --- [DiscoveryClient-InstanceInfoReplicator-0] com.netflix.discovery.DiscoveryClient    : DiscoveryClient_AUTHENTICATIONSERVICE/host.docker.internal:authenticationservice:8082: registering service...
2022-10-13 01:55:33.481  INFO 22020 --- [DiscoveryClient-InstanceInfoReplicator-0] com.netflix.discovery.DiscoveryClient    : DiscoveryClient_AUTHENTICATIONSERVICE/host.docker.internal:authenticationservice:8082 - registration status: 204
2022-10-13 01:55:34.092  INFO 22020 --- [SpringApplicationShutdownHook] j.LocalContainerEntityManagerFactoryBean : Closing JPA EntityManagerFactory for persistence unit 'default'
2022-10-13 01:55:34.094  INFO 22020 --- [SpringApplicationShutdownHook] com.zaxxer.hikari.HikariDataSource       : HikariPool-1 - Shutdown initiated...
2022-10-13 01:55:34.103  INFO 22020 --- [SpringApplicationShutdownHook] com.zaxxer.hikari.HikariDataSource       : HikariPool-1 - Shutdown completed.
2022-10-13 01:55:34.104  INFO 22020 --- [SpringApplicationShutdownHook] com.netflix.discovery.DiscoveryClient    : Shutting down DiscoveryClient ...
2022-10-13 01:55:37.124  INFO 22020 --- [SpringApplicationShutdownHook] com.netflix.discovery.DiscoveryClient    : Unregistering ...
2022-10-13 01:55:37.152  INFO 22020 --- [SpringApplicationShutdownHook] com.netflix.discovery.DiscoveryClient    : DiscoveryClient_AUTHENTICATIONSERVICE/host.docker.internal:authenticationservice:8082 - deregister  status: 200
2022-10-13 01:55:37.185  INFO 22020 --- [SpringApplicationShutdownHook] com.netflix.discovery.DiscoveryClient    : Completed shut down of DiscoveryClient
